<?xml version="1.0" encoding="UTF-8"?>
<coverage generated="1693331474008" clover="3.2.0">
  <project timestamp="1693331474009" name="All files">
    <metrics statements="19" coveredstatements="18" conditionals="6" coveredconditionals="5" methods="8" coveredmethods="8" elements="33" coveredelements="31" complexity="0" loc="19" ncloc="19" packages="1" files="1" classes="1"/>
    <file name="sum.js" path="D:\jestforTest\sum.js">
      <metrics statements="19" coveredstatements="18" conditionals="6" coveredconditionals="5" methods="8" coveredmethods="8"/>
      <line num="2" count="1" type="stmt"/>
      <line num="3" count="2" type="cond" truecount="4" falsecount="0"/>
      <line num="4" count="1" type="stmt"/>
      <line num="7" count="1" type="stmt"/>
      <line num="10" count="1" type="stmt"/>
      <line num="11" count="1" type="stmt"/>
      <line num="12" count="1" type="stmt"/>
      <line num="13" count="1" type="stmt"/>
      <line num="14" count="1" type="stmt"/>
      <line num="20" count="4" type="stmt"/>
      <line num="21" count="4" type="stmt"/>
      <line num="26" count="4" type="stmt"/>
      <line num="31" count="4" type="stmt"/>
      <line num="35" count="4" type="cond" truecount="1" falsecount="1"/>
      <line num="37" count="0" type="stmt"/>
      <line num="40" count="4" type="stmt"/>
      <line num="45" count="4" type="stmt"/>
      <line num="51" count="1" type="stmt"/>
      <line num="52" count="1" type="stmt"/>
    </file>
  </project>
</coverage>
