{"D:\\jestforTest\\sum.js": {"path":"D:\\jestforTest\\sum.js","statementMap":{"0":{"start":{"line":2,"column":29},"end":{"line":8,"column":1}},"1":{"start":{"line":3,"column":0},"end":{"line":7,"column":22}},"2":{"start":{"line":4,"column":3},"end":{"line":4,"column":61}},"3":{"start":{"line":7,"column":4},"end":{"line":7,"column":22}},"4":{"start":{"line":10,"column":28},"end":{"line":15,"column":1}},"5":{"start":{"line":11,"column":20},"end":{"line":11,"column":33}},"6":{"start":{"line":12,"column":24},"end":{"line":12,"column":43}},"7":{"start":{"line":13,"column":25},"end":{"line":13,"column":47}},"8":{"start":{"line":14,"column":2},"end":{"line":14,"column":24}},"9":{"start":{"line":20,"column":1},"end":{"line":20,"column":16}},"10":{"start":{"line":21,"column":2},"end":{"line":21,"column":17}},"11":{"start":{"line":26,"column":2},"end":{"line":26,"column":29}},"12":{"start":{"line":31,"column":2},"end":{"line":31,"column":29}},"13":{"start":{"line":35,"column":2},"end":{"line":41,"column":3}},"14":{"start":{"line":37,"column":4},"end":{"line":37,"column":45}},"15":{"start":{"line":40,"column":3},"end":{"line":40,"column":57}},"16":{"start":{"line":45,"column":2},"end":{"line":45,"column":30}},"17":{"start":{"line":51,"column":33},"end":{"line":55,"column":2}},"18":{"start":{"line":52,"column":2},"end":{"line":52,"column":45}}},"fnMap":{"0":{"name":"(anonymous_0)","decl":{"start":{"line":2,"column":29},"end":{"line":2,"column":30}},"loc":{"start":{"line":2,"column":38},"end":{"line":8,"column":1}},"line":2},"1":{"name":"(anonymous_1)","decl":{"start":{"line":10,"column":28},"end":{"line":10,"column":29}},"loc":{"start":{"line":10,"column":37},"end":{"line":15,"column":1}},"line":10},"2":{"name":"(anonymous_2)","decl":{"start":{"line":19,"column":0},"end":{"line":19,"column":1}},"loc":{"start":{"line":20,"column":0},"end":{"line":23,"column":1}},"line":20},"3":{"name":"(anonymous_3)","decl":{"start":{"line":25,"column":0},"end":{"line":25,"column":1}},"loc":{"start":{"line":25,"column":5},"end":{"line":27,"column":1}},"line":25},"4":{"name":"(anonymous_4)","decl":{"start":{"line":29,"column":0},"end":{"line":29,"column":1}},"loc":{"start":{"line":29,"column":10},"end":{"line":32,"column":1}},"line":29},"5":{"name":"(anonymous_5)","decl":{"start":{"line":34,"column":0},"end":{"line":34,"column":1}},"loc":{"start":{"line":34,"column":8},"end":{"line":42,"column":1}},"line":34},"6":{"name":"(anonymous_6)","decl":{"start":{"line":44,"column":0},"end":{"line":44,"column":1}},"loc":{"start":{"line":44,"column":10},"end":{"line":46,"column":1}},"line":44},"7":{"name":"(anonymous_7)","decl":{"start":{"line":51,"column":33},"end":{"line":51,"column":34}},"loc":{"start":{"line":51,"column":42},"end":{"line":55,"column":2}},"line":51}},"branchMap":{"0":{"loc":{"start":{"line":3,"column":0},"end":{"line":7,"column":22}},"type":"if","locations":[{"start":{"line":3,"column":0},"end":{"line":7,"column":22}},{"start":{"line":7,"column":4},"end":{"line":7,"column":22}}],"line":3},"1":{"loc":{"start":{"line":3,"column":3},"end":{"line":3,"column":33}},"type":"binary-expr","locations":[{"start":{"line":3,"column":3},"end":{"line":3,"column":15}},{"start":{"line":3,"column":19},"end":{"line":3,"column":33}}],"line":3},"2":{"loc":{"start":{"line":35,"column":2},"end":{"line":41,"column":3}},"type":"if","locations":[{"start":{"line":35,"column":2},"end":{"line":41,"column":3}},{"start":{"line":39,"column":2},"end":{"line":41,"column":3}}],"line":35}},"s":{"0":1,"1":2,"2":1,"3":1,"4":1,"5":1,"6":1,"7":1,"8":1,"9":4,"10":4,"11":4,"12":4,"13":4,"14":0,"15":4,"16":4,"17":1,"18":1},"f":{"0":2,"1":1,"2":4,"3":4,"4":4,"5":4,"6":4,"7":1},"b":{"0":[1,1],"1":[2,2],"2":[0,4]},"_coverageSchema":"1a1c01bbd47fc00a2c39e90264f33305004495a9","hash":"9f5e47ebe6fa6d02d17fd4bfd60626af38f914dc"}
}
